2025-05-29 18:59:58.047 [info] [main] Log level: Info
2025-05-29 18:59:58.047 [info] [main] Validating found git in: "git"
2025-05-29 18:59:58.047 [info] [main] Using git "2.49.0" from "git"
2025-05-29 18:59:58.047 [info] [Model][doInitialScan] Initial repository scan started
2025-05-29 18:59:58.047 [info] > git rev-parse --show-toplevel [5ms]
2025-05-29 18:59:58.047 [info] fatal: not a git repository (or any of the parent directories): .git
2025-05-29 18:59:58.047 [info] [Model][doInitialScan] Initial repository scan completed - repositories (0), closed repositories (0), parent repositories (0), unsafe repositories (0)
2025-05-29 18:59:59.970 [info] > git rev-parse --show-toplevel [1ms]
2025-05-29 18:59:59.970 [info] fatal: not a git repository (or any of the parent directories): .git
2025-05-29 19:00:01.900 [info] [main] Log level: Info
2025-05-29 19:00:01.900 [info] [main] Validating found git in: "git"
2025-05-29 19:00:01.900 [info] [main] Using git "2.49.0" from "git"
2025-05-29 19:00:01.900 [info] [Model][doInitialScan] Initial repository scan started
2025-05-29 19:00:01.900 [info] > git rev-parse --show-toplevel [10ms]
2025-05-29 19:00:01.900 [info] fatal: not a git repository (or any parent up to mount point /)
Stopping at filesystem boundary (GIT_DISCOVERY_ACROSS_FILESYSTEM not set).
2025-05-29 19:00:01.901 [info] > git rev-parse --show-toplevel [4ms]
2025-05-29 19:00:01.901 [info] fatal: not a git repository (or any parent up to mount point /)
Stopping at filesystem boundary (GIT_DISCOVERY_ACROSS_FILESYSTEM not set).
2025-05-29 19:00:01.914 [info] > git rev-parse --show-toplevel [5ms]
2025-05-29 19:00:01.914 [info] fatal: not a git repository (or any parent up to mount point /)
Stopping at filesystem boundary (GIT_DISCOVERY_ACROSS_FILESYSTEM not set).
2025-05-29 19:00:01.922 [info] > git rev-parse --show-toplevel [1ms]
2025-05-29 19:00:01.922 [info] fatal: not a git repository (or any parent up to mount point /)
Stopping at filesystem boundary (GIT_DISCOVERY_ACROSS_FILESYSTEM not set).
2025-05-29 19:00:01.928 [info] > git rev-parse --show-toplevel [1ms]
2025-05-29 19:00:01.928 [info] fatal: not a git repository (or any parent up to mount point /)
Stopping at filesystem boundary (GIT_DISCOVERY_ACROSS_FILESYSTEM not set).
2025-05-29 19:00:01.934 [info] > git rev-parse --show-toplevel [2ms]
2025-05-29 19:00:01.934 [info] fatal: not a git repository (or any parent up to mount point /)
Stopping at filesystem boundary (GIT_DISCOVERY_ACROSS_FILESYSTEM not set).
2025-05-29 19:00:01.945 [info] > git rev-parse --show-toplevel [5ms]
2025-05-29 19:00:01.945 [info] fatal: not a git repository (or any parent up to mount point /)
Stopping at filesystem boundary (GIT_DISCOVERY_ACROSS_FILESYSTEM not set).
2025-05-29 19:00:01.951 [info] > git rev-parse --show-toplevel [1ms]
2025-05-29 19:00:01.951 [info] fatal: not a git repository (or any parent up to mount point /)
Stopping at filesystem boundary (GIT_DISCOVERY_ACROSS_FILESYSTEM not set).
2025-05-29 19:00:01.959 [info] > git rev-parse --show-toplevel [2ms]
2025-05-29 19:00:01.959 [info] fatal: not a git repository (or any parent up to mount point /)
Stopping at filesystem boundary (GIT_DISCOVERY_ACROSS_FILESYSTEM not set).
2025-05-29 19:00:01.967 [info] > git rev-parse --show-toplevel [3ms]
2025-05-29 19:00:01.967 [info] fatal: not a git repository (or any parent up to mount point /)
Stopping at filesystem boundary (GIT_DISCOVERY_ACROSS_FILESYSTEM not set).
2025-05-29 19:00:01.975 [info] > git rev-parse --show-toplevel [1ms]
2025-05-29 19:00:01.975 [info] fatal: not a git repository (or any parent up to mount point /)
Stopping at filesystem boundary (GIT_DISCOVERY_ACROSS_FILESYSTEM not set).
2025-05-29 19:00:01.981 [info] > git rev-parse --show-toplevel [1ms]
2025-05-29 19:00:01.981 [info] fatal: not a git repository (or any parent up to mount point /)
Stopping at filesystem boundary (GIT_DISCOVERY_ACROSS_FILESYSTEM not set).
2025-05-29 19:00:01.988 [info] > git rev-parse --show-toplevel [2ms]
2025-05-29 19:00:01.988 [info] fatal: not a git repository (or any parent up to mount point /)
Stopping at filesystem boundary (GIT_DISCOVERY_ACROSS_FILESYSTEM not set).
2025-05-29 19:00:01.996 [info] > git rev-parse --show-toplevel [3ms]
2025-05-29 19:00:02.085 [info] > git rev-parse --git-dir --git-common-dir [83ms]
2025-05-29 19:00:02.091 [info] [Model][openRepository] Opened repository (path): /home/uylong/.oh-my-zsh
2025-05-29 19:00:02.091 [info] [Model][openRepository] Opened repository (real path): /home/uylong/.oh-my-zsh
2025-05-29 19:00:02.113 [info] > git rev-parse --show-toplevel [2ms]
2025-05-29 19:00:02.113 [info] fatal: not a git repository (or any parent up to mount point /)
Stopping at filesystem boundary (GIT_DISCOVERY_ACROSS_FILESYSTEM not set).
2025-05-29 19:00:02.113 [info] > git config --get commit.template [7ms]
2025-05-29 19:00:02.142 [info] > git for-each-ref --format=%(refname)%00%(upstream:short)%00%(objectname)%00%(upstream:track)%00%(upstream:remotename)%00%(upstream:remoteref) refs/heads/master refs/remotes/master [20ms]
2025-05-29 19:00:02.142 [info] > git rev-parse --show-toplevel [24ms]
2025-05-29 19:00:02.142 [info] fatal: not a git repository (or any parent up to mount point /)
Stopping at filesystem boundary (GIT_DISCOVERY_ACROSS_FILESYSTEM not set).
2025-05-29 19:00:02.149 [info] > git rev-parse --show-toplevel [2ms]
2025-05-29 19:00:02.149 [info] fatal: not a git repository (or any parent up to mount point /)
Stopping at filesystem boundary (GIT_DISCOVERY_ACROSS_FILESYSTEM not set).
2025-05-29 19:00:02.164 [info] > git rev-parse --show-toplevel [11ms]
2025-05-29 19:00:02.164 [info] fatal: not a git repository (or any parent up to mount point /)
Stopping at filesystem boundary (GIT_DISCOVERY_ACROSS_FILESYSTEM not set).
2025-05-29 19:00:02.169 [info] > git for-each-ref --sort -committerdate --format %(refname)%00%(objectname)%00%(*objectname) [6ms]
2025-05-29 19:00:02.170 [info] > git rev-parse --show-toplevel [2ms]
2025-05-29 19:00:02.170 [info] fatal: not a git repository (or any parent up to mount point /)
Stopping at filesystem boundary (GIT_DISCOVERY_ACROSS_FILESYSTEM not set).
2025-05-29 19:00:02.174 [info] > git rev-parse --show-toplevel [1ms]
2025-05-29 19:00:02.174 [info] fatal: not a git repository (or any parent up to mount point /)
Stopping at filesystem boundary (GIT_DISCOVERY_ACROSS_FILESYSTEM not set).
2025-05-29 19:00:02.179 [info] > git rev-parse --show-toplevel [1ms]
2025-05-29 19:00:02.179 [info] fatal: not a git repository (or any parent up to mount point /)
Stopping at filesystem boundary (GIT_DISCOVERY_ACROSS_FILESYSTEM not set).
2025-05-29 19:00:02.183 [info] > git rev-parse --show-toplevel [1ms]
2025-05-29 19:00:02.183 [info] fatal: not a git repository (or any parent up to mount point /)
Stopping at filesystem boundary (GIT_DISCOVERY_ACROSS_FILESYSTEM not set).
2025-05-29 19:00:02.187 [info] > git rev-parse --show-toplevel [1ms]
2025-05-29 19:00:02.187 [info] fatal: not a git repository (or any parent up to mount point /)
Stopping at filesystem boundary (GIT_DISCOVERY_ACROSS_FILESYSTEM not set).
2025-05-29 19:00:02.192 [info] > git rev-parse --show-toplevel [1ms]
2025-05-29 19:00:02.192 [info] fatal: not a git repository (or any parent up to mount point /)
Stopping at filesystem boundary (GIT_DISCOVERY_ACROSS_FILESYSTEM not set).
2025-05-29 19:00:02.197 [info] > git rev-parse --show-toplevel [1ms]
2025-05-29 19:00:02.197 [info] fatal: not a git repository (or any parent up to mount point /)
Stopping at filesystem boundary (GIT_DISCOVERY_ACROSS_FILESYSTEM not set).
2025-05-29 19:00:02.203 [info] > git rev-parse --show-toplevel [1ms]
2025-05-29 19:00:02.207 [info] > git rev-parse --git-dir --git-common-dir [1ms]
2025-05-29 19:00:02.210 [info] [Model][openRepository] Opened repository (path): /home/uylong/HyDE
2025-05-29 19:00:02.210 [info] [Model][openRepository] Opened repository (real path): /home/uylong/HyDE
2025-05-29 19:00:02.218 [info] > git config --get commit.template [5ms]
2025-05-29 19:00:02.219 [info] > git rev-parse --show-toplevel [2ms]
2025-05-29 19:00:02.219 [info] fatal: not a git repository (or any parent up to mount point /)
Stopping at filesystem boundary (GIT_DISCOVERY_ACROSS_FILESYSTEM not set).
2025-05-29 19:00:02.228 [info] > git for-each-ref --format=%(refname)%00%(upstream:short)%00%(objectname)%00%(upstream:track)%00%(upstream:remotename)%00%(upstream:remoteref) refs/heads/master refs/remotes/master [5ms]
2025-05-29 19:00:02.228 [info] > git rev-parse --show-toplevel [1ms]
2025-05-29 19:00:02.228 [info] fatal: not a git repository (or any parent up to mount point /)
Stopping at filesystem boundary (GIT_DISCOVERY_ACROSS_FILESYSTEM not set).
2025-05-29 19:00:02.231 [warning] [Git][revParse] Unable to read file: ENOENT: no such file or directory, open '/home/uylong/HyDE/.git/refs/remotes/origin/master'
2025-05-29 19:00:02.234 [info] > git rev-parse refs/remotes/origin/master [3ms]
2025-05-29 19:00:02.241 [info] > git rev-parse --show-toplevel [7ms]
2025-05-29 19:00:02.241 [info] fatal: not a git repository (or any parent up to mount point /)
Stopping at filesystem boundary (GIT_DISCOVERY_ACROSS_FILESYSTEM not set).
2025-05-29 19:00:02.245 [info] > git for-each-ref --sort -committerdate --format %(refname)%00%(objectname)%00%(*objectname) [4ms]
2025-05-29 19:00:02.245 [info] > git rev-parse --show-toplevel [1ms]
2025-05-29 19:00:02.245 [info] fatal: not a git repository (or any parent up to mount point /)
Stopping at filesystem boundary (GIT_DISCOVERY_ACROSS_FILESYSTEM not set).
2025-05-29 19:00:02.249 [info] > git status -z -uall [91ms]
2025-05-29 19:00:02.266 [info] > git for-each-ref --format=%(refname)%00%(upstream:short)%00%(objectname)%00%(upstream:track)%00%(upstream:remotename)%00%(upstream:remoteref) refs/heads/master refs/remotes/master [5ms]
2025-05-29 19:00:02.271 [info] > git rev-parse --show-toplevel [22ms]
2025-05-29 19:00:02.271 [info] fatal: not a git repository (or any parent up to mount point /)
Stopping at filesystem boundary (GIT_DISCOVERY_ACROSS_FILESYSTEM not set).
2025-05-29 19:00:02.277 [info] > git config --get --local branch.master.vscode-merge-base [7ms]
2025-05-29 19:00:02.283 [info] > git config --get commit.template [17ms]
2025-05-29 19:00:02.296 [info] > git for-each-ref --format=%(refname)%00%(upstream:short)%00%(objectname)%00%(upstream:track)%00%(upstream:remotename)%00%(upstream:remoteref) refs/heads/origin/master refs/remotes/origin/master [14ms]
2025-05-29 19:00:02.303 [info] > git rev-parse --show-toplevel [27ms]
2025-05-29 19:00:02.303 [info] fatal: not a git repository (or any parent up to mount point /)
Stopping at filesystem boundary (GIT_DISCOVERY_ACROSS_FILESYSTEM not set).
2025-05-29 19:00:02.330 [info] > git merge-base refs/heads/master refs/remotes/origin/master [28ms]
2025-05-29 19:00:02.339 [info] > git diff --name-status -z --diff-filter=ADMR 0354add542b6d769dbe39e10eb0caa0a11b2b716...refs/remotes/origin/master [4ms]
2025-05-29 19:00:02.339 [info] > git rev-parse --show-toplevel [10ms]
2025-05-29 19:00:02.339 [info] fatal: not a git repository (or any parent up to mount point /)
Stopping at filesystem boundary (GIT_DISCOVERY_ACROSS_FILESYSTEM not set).
2025-05-29 19:00:02.339 [info] > git for-each-ref --format=%(refname)%00%(upstream:short)%00%(objectname)%00%(upstream:track)%00%(upstream:remotename)%00%(upstream:remoteref) refs/heads/master refs/remotes/master [14ms]
2025-05-29 19:00:02.345 [info] > git rev-parse --show-toplevel [1ms]
2025-05-29 19:00:02.345 [info] fatal: not a git repository (or any parent up to mount point /)
Stopping at filesystem boundary (GIT_DISCOVERY_ACROSS_FILESYSTEM not set).
2025-05-29 19:00:02.359 [info] > git rev-parse --show-toplevel [8ms]
2025-05-29 19:00:02.359 [info] fatal: not a git repository (or any parent up to mount point /)
Stopping at filesystem boundary (GIT_DISCOVERY_ACROSS_FILESYSTEM not set).
2025-05-29 19:00:02.359 [info] > git for-each-ref --sort -committerdate --format %(refname)%00%(objectname)%00%(*objectname) [1ms]
2025-05-29 19:00:02.364 [info] > git rev-parse --show-toplevel [1ms]
2025-05-29 19:00:02.364 [info] fatal: not a git repository (or any parent up to mount point /)
Stopping at filesystem boundary (GIT_DISCOVERY_ACROSS_FILESYSTEM not set).
2025-05-29 19:00:02.369 [info] > git rev-parse --show-toplevel [2ms]
2025-05-29 19:00:02.372 [info] > git rev-parse --git-dir --git-common-dir [0ms]
2025-05-29 19:00:02.375 [info] [Model][openRepository] Opened repository (path): /home/uylong/spicetify-themes
2025-05-29 19:00:02.375 [info] [Model][openRepository] Opened repository (real path): /home/uylong/spicetify-themes
2025-05-29 19:00:02.375 [info] [Model][doInitialScan] Initial repository scan completed - repositories (3), closed repositories (0), parent repositories (0), unsafe repositories (0)
2025-05-29 19:00:02.383 [info] > git config --get commit.template [4ms]
2025-05-29 19:00:02.384 [info] > git rev-parse --show-toplevel [1ms]
2025-05-29 19:00:02.384 [info] fatal: not a git repository (or any parent up to mount point /)
Stopping at filesystem boundary (GIT_DISCOVERY_ACROSS_FILESYSTEM not set).
2025-05-29 19:00:02.391 [info] > git status -z -uall [36ms]
2025-05-29 19:00:02.391 [info] > git rev-parse --show-toplevel [1ms]
2025-05-29 19:00:02.391 [info] fatal: not a git repository (or any parent up to mount point /)
Stopping at filesystem boundary (GIT_DISCOVERY_ACROSS_FILESYSTEM not set).
2025-05-29 19:00:02.391 [info] > git for-each-ref --format=%(refname)%00%(upstream:short)%00%(objectname)%00%(upstream:track)%00%(upstream:remotename)%00%(upstream:remoteref) refs/heads/master refs/remotes/master [4ms]
2025-05-29 19:00:02.401 [warning] [Git][revParse] Unable to read file: ENOENT: no such file or directory, open '/home/uylong/spicetify-themes/.git/refs/remotes/origin/master'
2025-05-29 19:00:02.402 [info] > git rev-parse refs/remotes/origin/master [1ms]
2025-05-29 19:00:02.413 [info] > git rev-parse --show-toplevel [16ms]
2025-05-29 19:00:02.413 [info] fatal: not a git repository (or any parent up to mount point /)
Stopping at filesystem boundary (GIT_DISCOVERY_ACROSS_FILESYSTEM not set).
2025-05-29 19:00:02.414 [info] > git for-each-ref --sort -committerdate --format %(refname)%00%(objectname)%00%(*objectname) [2ms]
2025-05-29 19:00:02.599 [info] > git status -z -uall [191ms]
2025-05-29 19:00:02.612 [info] > git for-each-ref --format=%(refname)%00%(upstream:short)%00%(objectname)%00%(upstream:track)%00%(upstream:remotename)%00%(upstream:remoteref) refs/heads/master refs/remotes/master [6ms]
2025-05-29 19:00:02.617 [info] > git config --get --local branch.master.vscode-merge-base [2ms]
2025-05-29 19:00:02.617 [warning] [Git][config] git config failed: Failed to execute git
2025-05-29 19:00:02.621 [info] > git config --get commit.template [9ms]
2025-05-29 19:00:02.625 [info] > git reflog master --grep-reflog=branch: Created from *. [5ms]
2025-05-29 19:00:02.628 [info] > git for-each-ref --format=%(refname)%00%(upstream:short)%00%(objectname)%00%(upstream:track)%00%(upstream:remotename)%00%(upstream:remoteref) refs/heads/master refs/remotes/master [4ms]
2025-05-29 19:00:02.633 [warning] [Git][revParse] Unable to read file: ENOENT: no such file or directory, open '/home/uylong/spicetify-themes/.git/refs/remotes/origin/master'
2025-05-29 19:00:02.633 [info] > git status -z -uall [396ms]
2025-05-29 19:00:02.633 [info] > git symbolic-ref --short refs/remotes/origin/HEAD [5ms]
2025-05-29 19:00:02.636 [info] > git rev-parse refs/remotes/origin/master [4ms]
2025-05-29 19:00:02.655 [info] > git for-each-ref --format=%(refname)%00%(upstream:short)%00%(objectname)%00%(upstream:track)%00%(upstream:remotename)%00%(upstream:remoteref) refs/heads/master refs/remotes/master [7ms]
2025-05-29 19:00:02.659 [info] > git for-each-ref --sort -committerdate --format %(refname)%00%(objectname)%00%(*objectname) [16ms]
2025-05-29 19:00:02.660 [info] > git for-each-ref --format=%(refname)%00%(upstream:short)%00%(objectname)%00%(upstream:track)%00%(upstream:remotename)%00%(upstream:remoteref) refs/heads/origin/master refs/remotes/origin/master [24ms]
2025-05-29 19:00:02.665 [info] > git config --add --local branch.master.vscode-merge-base origin/master [1ms]
2025-05-29 19:00:02.673 [info] > git config --get --local branch.master.vscode-merge-base [14ms]
2025-05-29 19:00:02.679 [info] > git config --get commit.template [25ms]
2025-05-29 19:00:02.685 [info] > git status -z -uall [46ms] (cancelled)
2025-05-29 19:00:02.685 [info] > git for-each-ref --format=%(refname)%00%(upstream:short)%00%(objectname)%00%(upstream:track)%00%(upstream:remotename)%00%(upstream:remoteref) refs/heads/master refs/remotes/master [13ms]
2025-05-29 19:00:02.698 [info] > git config --get --local branch.master.vscode-merge-base [7ms]
2025-05-29 19:00:02.705 [info] > git config --get commit.template [20ms]
2025-05-29 19:00:02.705 [info] > git for-each-ref --format=%(refname)%00%(upstream:short)%00%(objectname)%00%(upstream:track)%00%(upstream:remotename)%00%(upstream:remoteref) refs/heads/origin/master refs/remotes/origin/master [26ms]
2025-05-29 19:00:02.712 [info] > git merge-base refs/heads/master refs/remotes/origin/master [2ms]
2025-05-29 19:00:02.717 [info] > git for-each-ref --format=%(refname)%00%(upstream:short)%00%(objectname)%00%(upstream:track)%00%(upstream:remotename)%00%(upstream:remoteref) refs/heads/origin/master refs/remotes/origin/master [13ms]
2025-05-29 19:00:02.720 [info] > git for-each-ref --format=%(refname)%00%(upstream:short)%00%(objectname)%00%(upstream:track)%00%(upstream:remotename)%00%(upstream:remoteref) refs/heads/master refs/remotes/master [23ms]
2025-05-29 19:00:02.729 [warning] [Git][revParse] Unable to read file: ENOENT: no such file or directory, open '/home/uylong/HyDE/.git/refs/remotes/origin/master'
2025-05-29 19:00:02.731 [info] > git diff --name-status -z --diff-filter=ADMR 4eccc3243c967054508e4c78b5c58cf7d06164ae...refs/remotes/origin/master [15ms]
2025-05-29 19:00:02.732 [info] > git rev-parse refs/remotes/origin/master [3ms]
2025-05-29 19:00:02.740 [info] > git for-each-ref --format=%(refname)%00%(upstream:short)%00%(objectname)%00%(upstream:track)%00%(upstream:remotename)%00%(upstream:remoteref) refs/heads/master refs/remotes/master [15ms]
2025-05-29 19:00:02.741 [info] > git merge-base refs/heads/master refs/remotes/origin/master [20ms]
2025-05-29 19:00:02.748 [warning] [Git][revParse] Unable to read file: ENOENT: no such file or directory, open '/home/uylong/spicetify-themes/.git/refs/remotes/origin/master'
2025-05-29 19:00:02.748 [info] > git for-each-ref --sort -committerdate --format %(refname)%00%(objectname)%00%(*objectname) [8ms]
2025-05-29 19:00:02.749 [info] > git rev-parse refs/remotes/origin/master [1ms]
2025-05-29 19:00:02.758 [info] > git diff --name-status -z --diff-filter=ADMR 0893ed8938f1fdc05d34e5c989941358f479ad84...refs/remotes/origin/master [14ms]
2025-05-29 19:00:02.759 [info] > git for-each-ref --sort -committerdate --format %(refname)%00%(objectname)%00%(*objectname) [2ms]
2025-05-29 19:00:02.895 [info] > git status -z -uall [142ms]
2025-05-29 19:00:03.020 [info] > git status -z -uall [283ms]
2025-05-29 19:00:03.797 [info] > git rev-parse --show-toplevel [1ms]
2025-05-29 19:00:03.797 [info] fatal: not a git repository (or any parent up to mount point /)
Stopping at filesystem boundary (GIT_DISCOVERY_ACROSS_FILESYSTEM not set).
2025-05-29 19:00:05.625 [info] > git rev-parse --show-toplevel [2ms]
2025-05-29 19:00:05.625 [info] fatal: not a git repository (or any parent up to mount point /)
Stopping at filesystem boundary (GIT_DISCOVERY_ACROSS_FILESYSTEM not set).
2025-05-29 19:00:08.677 [info] > git rev-parse --show-toplevel [3ms]
2025-05-29 19:00:08.677 [info] fatal: not a git repository (or any parent up to mount point /)
Stopping at filesystem boundary (GIT_DISCOVERY_ACROSS_FILESYSTEM not set).
2025-05-29 19:00:08.692 [info] > git log --format=%H%n%aN%n%aE%n%at%n%ct%n%P%n%D%n%B -z --shortstat --diff-merges=first-parent -n50 --skip=0 --topo-order --decorate=full --stdin [47ms]
2025-05-29 19:00:08.701 [info] > git rev-parse --show-toplevel [1ms]
2025-05-29 19:00:08.701 [info] fatal: not a git repository (or any parent up to mount point /)
Stopping at filesystem boundary (GIT_DISCOVERY_ACROSS_FILESYSTEM not set).
2025-05-29 19:00:08.722 [info] > git rev-parse --show-toplevel [2ms]
2025-05-29 19:00:08.722 [info] fatal: not a git repository (or any parent up to mount point /)
Stopping at filesystem boundary (GIT_DISCOVERY_ACROSS_FILESYSTEM not set).
2025-05-29 19:00:09.290 [info] > git check-ignore -v -z --stdin [5ms]
2025-05-29 19:00:09.290 [info] > git check-ignore -v -z --stdin [1ms]
2025-05-29 19:00:16.886 [info] > git log --format=%H%n%aN%n%aE%n%at%n%ct%n%P%n%D%n%B -z --shortstat --diff-merges=first-parent -n50 --skip=0 --topo-order --decorate=full --stdin [38ms]
2025-05-29 19:00:19.268 [info] > git log --format=%H%n%aN%n%aE%n%at%n%ct%n%P%n%D%n%B -z --shortstat --diff-merges=first-parent -n50 --skip=0 --topo-order --decorate=full --stdin [221ms]
2025-05-29 19:00:20.397 [info] > git log --format=%H%n%aN%n%aE%n%at%n%ct%n%P%n%D%n%B -z --shortstat --diff-merges=first-parent -n50 --skip=0 --topo-order --decorate=full --stdin [342ms]
